<?xml version="1.0" encoding="UTF-8"?>
<testsuite xmlns:xsi="http://www.w3.org/2001/XMLSchema-instance" xsi:noNamespaceSchemaLocation="https://maven.apache.org/surefire/maven-surefire-plugin/xsd/surefire-test-report.xsd" name="com.example.demo.models.InventoryRepositoryTest" time="7.272" tests="5" errors="1" skipped="0" failures="1">
  <properties>
[...]
</properties>
  <testcase name="queryPlantCatalog" classname="com.example.demo.models.InventoryRepositoryTest" time="0.034">
    <failure message="expected:&lt;[1]4L&gt; but was:&lt;[]4L&gt;" type="org.junit.ComparisonFailure"><![CDATA[org.junit.ComparisonFailure: expected:<[1]4L> but was:<[]4L>
	at com.example.demo.models.InventoryRepositoryTest.queryPlantCatalog(InventoryRepositoryTest.java:51)
]]></failure>
    <system-out><![CDATA[2020-03-26 02:46:12.143  INFO 22000 --- [           main] .b.t.c.SpringBootTestContextBootstrapper : Neither @ContextConfiguration nor @ContextHierarchy found for test class [com.example.demo.models.InventoryRepositoryTest], using SpringBootContextLoader
2020-03-26 02:46:12.144  INFO 22000 --- [           main] o.s.t.c.support.AbstractContextLoader    : Could not detect default resource locations for test class [com.example.demo.models.InventoryRepositoryTest]: no resource found for suffixes {-context.xml, Context.groovy}.
2020-03-26 02:46:12.157  INFO 22000 --- [           main] .b.t.c.SpringBootTestContextBootstrapper : Loaded default TestExecutionListener class names from location [META-INF/spring.factories]: [org.springframework.boot.test.mock.mockito.MockitoTestExecutionListener, org.springframework.boot.test.mock.mockito.ResetMocksTestExecutionListener, org.springframework.boot.test.autoconfigure.restdocs.RestDocsTestExecutionListener, org.springframework.boot.test.autoconfigure.web.client.MockRestServiceServerResetTestExecutionListener, org.springframework.boot.test.autoconfigure.web.servlet.MockMvcPrintOnlyOnFailureTestExecutionListener, org.springframework.boot.test.autoconfigure.web.servlet.WebDriverTestExecutionListener, org.springframework.test.context.web.ServletTestExecutionListener, org.springframework.test.context.support.DirtiesContextBeforeModesTestExecutionListener, org.springframework.test.context.support.DependencyInjectionTestExecutionListener, org.springframework.test.context.support.DirtiesContextTestExecutionListener, org.springframework.test.context.transaction.TransactionalTestExecutionListener, org.springframework.test.context.jdbc.SqlScriptsTestExecutionListener]
2020-03-26 02:46:12.157  INFO 22000 --- [           main] .b.t.c.SpringBootTestContextBootstrapper : Using TestExecutionListeners: [org.springframework.test.context.web.ServletTestExecutionListener@7c07deff, org.springframework.test.context.support.DirtiesContextBeforeModesTestExecutionListener@65374526, org.springframework.boot.test.mock.mockito.MockitoTestExecutionListener@664c0466, org.springframework.boot.test.autoconfigure.SpringBootDependencyInjectionTestExecutionListener@2edc6690, org.springframework.test.context.support.DirtiesContextTestExecutionListener@6ceeb592, org.springframework.test.context.transaction.TransactionalTestExecutionListener@332fc35c, org.springframework.test.context.jdbc.SqlScriptsTestExecutionListener@35c69e6b, org.springframework.boot.test.mock.mockito.ResetMocksTestExecutionListener@78e386a5, org.springframework.boot.test.autoconfigure.restdocs.RestDocsTestExecutionListener@6138ee0e, org.springframework.boot.test.autoconfigure.web.client.MockRestServiceServerResetTestExecutionListener@2c40e456, org.springframework.boot.test.autoconfigure.web.servlet.MockMvcPrintOnlyOnFailureTestExecutionListener@2df40273, org.springframework.boot.test.autoconfigure.web.servlet.WebDriverTestExecutionListener@49467fc6]

  .   ____          _            __ _ _
 /\\ / ___'_ __ _ _(_)_ __  __ _ \ \ \ \
( ( )\___ | '_ | '_| | '_ \/ _` | \ \ \ \
 \\/  ___)| |_)| | | | | || (_| |  ) ) ) )
  '  |____| .__|_| |_|_| |_\__, | / / / /
 =========|_|==============|___/=/_/_/_/
 :: Spring Boot ::        (v2.1.2.RELEASE)

2020-03-26 02:46:12.218  INFO 22000 --- [           main] c.e.demo.models.InventoryRepositoryTest  : Starting InventoryRepositoryTest on ahmed-ut-pc with PID 22000 (started by ahmed in /home/ahmed/Desktop/Tartu/Semester2/EnterpriseSystemsIntegration/HWs/HW2/esihw2)
2020-03-26 02:46:12.219  INFO 22000 --- [           main] c.e.demo.models.InventoryRepositoryTest  : No active profile set, falling back to default profiles: default
2020-03-26 02:46:12.221 DEBUG 22000 --- [           main] o.s.w.c.s.GenericWebApplicationContext   : Refreshing org.springframework.web.context.support.GenericWebApplicationContext@4ecc4b43
2020-03-26 02:46:12.475  INFO 22000 --- [           main] .s.d.r.c.RepositoryConfigurationDelegate : Bootstrapping Spring Data repositories in DEFAULT mode.
2020-03-26 02:46:12.514  INFO 22000 --- [           main] .s.d.r.c.RepositoryConfigurationDelegate : Finished Spring Data repository scanning in 39ms. Found 7 repository interfaces.
2020-03-26 02:46:12.556  INFO 22000 --- [           main] beddedDataSourceBeanFactoryPostProcessor : Replacing 'dataSource' DataSource bean with embedded version
2020-03-26 02:46:12.624  INFO 22000 --- [           main] trationDelegate$BeanPostProcessorChecker : Bean 'org.springframework.transaction.annotation.ProxyTransactionManagementConfiguration' of type [org.springframework.transaction.annotation.ProxyTransactionManagementConfiguration$$EnhancerBySpringCGLIB$$1923f652] is not eligible for getting processed by all BeanPostProcessors (for example: not eligible for auto-proxying)
2020-03-26 02:46:12.674  INFO 22000 --- [           main] o.s.j.d.e.EmbeddedDatabaseFactory        : Starting embedded database: url='jdbc:h2:mem:42e0683c-9ec7-4f59-a7ef-0d66d92b9948;DB_CLOSE_DELAY=-1;DB_CLOSE_ON_EXIT=false', username='sa'
2020-03-26 02:46:12.910  INFO 22000 --- [           main] j.LocalContainerEntityManagerFactoryBean : Initialized JPA EntityManagerFactory for persistence unit 'default'
2020-03-26 02:46:13.360 DEBUG 22000 --- [           main] o.s.w.s.handler.SimpleUrlHandlerMapping  : Patterns [/**/favicon.ico] in 'faviconHandlerMapping'
2020-03-26 02:46:13.476  INFO 22000 --- [           main] o.s.s.concurrent.ThreadPoolTaskExecutor  : Initializing ExecutorService 'applicationTaskExecutor'
2020-03-26 02:46:13.492 DEBUG 22000 --- [           main] s.w.s.m.m.a.RequestMappingHandlerAdapter : ControllerAdvice beans: 0 @ModelAttribute, 0 @InitBinder, 1 RequestBodyAdvice, 1 ResponseBodyAdvice
2020-03-26 02:46:13.494  WARN 22000 --- [           main] aWebConfiguration$JpaWebMvcConfiguration : spring.jpa.open-in-view is enabled by default. Therefore, database queries may be performed during view rendering. Explicitly configure spring.jpa.open-in-view to disable this warning
2020-03-26 02:46:13.539 DEBUG 22000 --- [           main] s.w.s.m.m.a.RequestMappingHandlerMapping : 18 mappings in 'requestMappingHandlerMapping'
2020-03-26 02:46:13.557 DEBUG 22000 --- [           main] o.s.w.s.handler.SimpleUrlHandlerMapping  : Patterns [/webjars/**, /**] in 'resourceHandlerMapping'
2020-03-26 02:46:13.579 DEBUG 22000 --- [           main] .m.m.a.ExceptionHandlerExceptionResolver : ControllerAdvice beans: 0 @ExceptionHandler, 1 ResponseBodyAdvice
2020-03-26 02:46:13.842  INFO 22000 --- [           main] c.e.demo.models.InventoryRepositoryTest  : Started InventoryRepositoryTest in 1.682 seconds (JVM running for 11.476)
2020-03-26 02:46:13.869 DEBUG 22000 --- [           main] o.s.w.c.s.GenericWebApplicationContext   : Closing org.springframework.web.context.support.GenericWebApplicationContext@4ecc4b43, started on Thu Mar 26 02:46:12 EET 2020
2020-03-26 02:46:13.871  INFO 22000 --- [           main] o.s.s.concurrent.ThreadPoolTaskExecutor  : Shutting down ExecutorService 'applicationTaskExecutor'
2020-03-26 02:46:13.875  INFO 22000 --- [           main] j.LocalContainerEntityManagerFactoryBean : Closing JPA EntityManagerFactory for persistence unit 'default'
]]></system-out>
  </testcase>
  <testcase name="queryByName" classname="com.example.demo.models.InventoryRepositoryTest" time="0.132"/>
  <testcase name="findAvailableTest" classname="com.example.demo.models.InventoryRepositoryTest" time="0.037">
    <error message="query did not return a unique result: 2; nested exception is javax.persistence.NonUniqueResultException: query did not return a unique result: 2" type="org.springframework.dao.IncorrectResultSizeDataAccessException">org.springframework.dao.IncorrectResultSizeDataAccessException: query did not return a unique result: 2; nested exception is javax.persistence.NonUniqueResultException: query did not return a unique result: 2
	at com.example.demo.models.InventoryRepositoryTest.findAvailableTest(InventoryRepositoryTest.java:73)
Caused by: javax.persistence.NonUniqueResultException: query did not return a unique result: 2
	at com.example.demo.models.InventoryRepositoryTest.findAvailableTest(InventoryRepositoryTest.java:73)
</error>
    <system-out><![CDATA[
  .   ____          _            __ _ _
 /\\ / ___'_ __ _ _(_)_ __  __ _ \ \ \ \
( ( )\___ | '_ | '_| | '_ \/ _` | \ \ \ \
 \\/  ___)| |_)| | | | | || (_| |  ) ) ) )
  '  |____| .__|_| |_|_| |_\__, | / / / /
 =========|_|==============|___/=/_/_/_/
 :: Spring Boot ::        (v2.1.2.RELEASE)

2020-03-26 02:46:15.490  INFO 22000 --- [           main] c.e.demo.models.InventoryRepositoryTest  : Starting InventoryRepositoryTest on ahmed-ut-pc with PID 22000 (started by ahmed in /home/ahmed/Desktop/Tartu/Semester2/EnterpriseSystemsIntegration/HWs/HW2/esihw2)
2020-03-26 02:46:15.491  INFO 22000 --- [           main] c.e.demo.models.InventoryRepositoryTest  : No active profile set, falling back to default profiles: default
2020-03-26 02:46:15.493 DEBUG 22000 --- [           main] o.s.w.c.s.GenericWebApplicationContext   : Refreshing org.springframework.web.context.support.GenericWebApplicationContext@18c2b4c6
2020-03-26 02:46:15.640  INFO 22000 --- [           main] .s.d.r.c.RepositoryConfigurationDelegate : Bootstrapping Spring Data repositories in DEFAULT mode.
2020-03-26 02:46:15.660  INFO 22000 --- [           main] .s.d.r.c.RepositoryConfigurationDelegate : Finished Spring Data repository scanning in 20ms. Found 7 repository interfaces.
2020-03-26 02:46:15.694  INFO 22000 --- [           main] beddedDataSourceBeanFactoryPostProcessor : Replacing 'dataSource' DataSource bean with embedded version
2020-03-26 02:46:15.749  INFO 22000 --- [           main] trationDelegate$BeanPostProcessorChecker : Bean 'org.springframework.transaction.annotation.ProxyTransactionManagementConfiguration' of type [org.springframework.transaction.annotation.ProxyTransactionManagementConfiguration$$EnhancerBySpringCGLIB$$1923f652] is not eligible for getting processed by all BeanPostProcessors (for example: not eligible for auto-proxying)
2020-03-26 02:46:15.777  INFO 22000 --- [           main] o.s.j.d.e.EmbeddedDatabaseFactory        : Starting embedded database: url='jdbc:h2:mem:9dbcea8d-ac1a-4e77-9ab2-318efcf5c9db;DB_CLOSE_DELAY=-1;DB_CLOSE_ON_EXIT=false', username='sa'
2020-03-26 02:46:15.972  INFO 22000 --- [           main] j.LocalContainerEntityManagerFactoryBean : Initialized JPA EntityManagerFactory for persistence unit 'default'
2020-03-26 02:46:16.337 DEBUG 22000 --- [           main] o.s.w.s.handler.SimpleUrlHandlerMapping  : Patterns [/**/favicon.ico] in 'faviconHandlerMapping'
2020-03-26 02:46:16.430  INFO 22000 --- [           main] o.s.s.concurrent.ThreadPoolTaskExecutor  : Initializing ExecutorService 'applicationTaskExecutor'
2020-03-26 02:46:16.444 DEBUG 22000 --- [           main] s.w.s.m.m.a.RequestMappingHandlerAdapter : ControllerAdvice beans: 0 @ModelAttribute, 0 @InitBinder, 1 RequestBodyAdvice, 1 ResponseBodyAdvice
2020-03-26 02:46:16.460  WARN 22000 --- [           main] aWebConfiguration$JpaWebMvcConfiguration : spring.jpa.open-in-view is enabled by default. Therefore, database queries may be performed during view rendering. Explicitly configure spring.jpa.open-in-view to disable this warning
2020-03-26 02:46:16.502 DEBUG 22000 --- [           main] s.w.s.m.m.a.RequestMappingHandlerMapping : 18 mappings in 'requestMappingHandlerMapping'
2020-03-26 02:46:16.527 DEBUG 22000 --- [           main] o.s.w.s.handler.SimpleUrlHandlerMapping  : Patterns [/webjars/**, /**] in 'resourceHandlerMapping'
2020-03-26 02:46:16.537 DEBUG 22000 --- [           main] .m.m.a.ExceptionHandlerExceptionResolver : ControllerAdvice beans: 0 @ExceptionHandler, 1 ResponseBodyAdvice
2020-03-26 02:46:16.779  INFO 22000 --- [           main] c.e.demo.models.InventoryRepositoryTest  : Started InventoryRepositoryTest in 1.324 seconds (JVM running for 14.414)
2020-03-26 02:46:16.804 DEBUG 22000 --- [           main] o.s.w.c.s.GenericWebApplicationContext   : Closing org.springframework.web.context.support.GenericWebApplicationContext@18c2b4c6, started on Thu Mar 26 02:46:15 EET 2020
2020-03-26 02:46:16.806  INFO 22000 --- [           main] o.s.s.concurrent.ThreadPoolTaskExecutor  : Shutting down ExecutorService 'applicationTaskExecutor'
2020-03-26 02:46:16.807  INFO 22000 --- [           main] j.LocalContainerEntityManagerFactoryBean : Closing JPA EntityManagerFactory for persistence unit 'default'
]]></system-out>
  </testcase>
  <testcase name="updatePlantStatus2" classname="com.example.demo.models.InventoryRepositoryTest" time="0.064"/>
  <testcase name="updatePlantStatus" classname="com.example.demo.models.InventoryRepositoryTest" time="0.041"/>
</testsuite>