<?xml version="1.0" encoding="UTF-8"?>
<testsuite xmlns:xsi="http://www.w3.org/2001/XMLSchema-instance" xsi:noNamespaceSchemaLocation="https://maven.apache.org/surefire/maven-surefire-plugin/xsd/surefire-test-report.xsd" name="com.example.demo.inventory.rest.InventoryRestControllerTests" time="7.514" tests="1" errors="0" skipped="0" failures="1">
  <properties>
[...]
</properties>
  <testcase name="updatePlantEquipmentCondition" classname="com.example.demo.inventory.rest.InventoryRestControllerTests" time="0.368">
    <failure message="expected:&lt;[2]00&gt; but was:&lt;[4]00&gt;" type="org.junit.ComparisonFailure"><![CDATA[org.junit.ComparisonFailure: expected:<[2]00> but was:<[4]00>
	at com.example.demo.inventory.rest.InventoryRestControllerTests.updatePlantEquipmentCondition(InventoryRestControllerTests.java:90)
]]></failure>
    <system-out><![CDATA[2020-03-26 02:46:03.279  INFO   --- [           main] .b.t.c.SpringBootTestContextBootstrapper : Neither @ContextConfiguration nor @ContextHierarchy found for test class [com.example.demo.inventory.rest.InventoryRestControllerTests], using SpringBootContextLoader
2020-03-26 02:46:03.300  INFO   --- [           main] o.s.t.c.support.AbstractContextLoader    : Could not detect default resource locations for test class [com.example.demo.inventory.rest.InventoryRestControllerTests]: no resource found for suffixes {-context.xml, Context.groovy}.
2020-03-26 02:46:03.542  INFO   --- [           main] .b.t.c.SpringBootTestContextBootstrapper : Loaded default TestExecutionListener class names from location [META-INF/spring.factories]: [org.springframework.boot.test.mock.mockito.MockitoTestExecutionListener, org.springframework.boot.test.mock.mockito.ResetMocksTestExecutionListener, org.springframework.boot.test.autoconfigure.restdocs.RestDocsTestExecutionListener, org.springframework.boot.test.autoconfigure.web.client.MockRestServiceServerResetTestExecutionListener, org.springframework.boot.test.autoconfigure.web.servlet.MockMvcPrintOnlyOnFailureTestExecutionListener, org.springframework.boot.test.autoconfigure.web.servlet.WebDriverTestExecutionListener, org.springframework.test.context.web.ServletTestExecutionListener, org.springframework.test.context.support.DirtiesContextBeforeModesTestExecutionListener, org.springframework.test.context.support.DependencyInjectionTestExecutionListener, org.springframework.test.context.support.DirtiesContextTestExecutionListener, org.springframework.test.context.transaction.TransactionalTestExecutionListener, org.springframework.test.context.jdbc.SqlScriptsTestExecutionListener]
2020-03-26 02:46:03.559  INFO   --- [           main] .b.t.c.SpringBootTestContextBootstrapper : Using TestExecutionListeners: [org.springframework.test.context.web.ServletTestExecutionListener@6b7906b3, org.springframework.test.context.support.DirtiesContextBeforeModesTestExecutionListener@3a1dd365, org.springframework.boot.test.mock.mockito.MockitoTestExecutionListener@395b56bb, org.springframework.boot.test.autoconfigure.SpringBootDependencyInjectionTestExecutionListener@256f8274, org.springframework.test.context.support.DirtiesContextTestExecutionListener@68044f4, org.springframework.test.context.transaction.TransactionalTestExecutionListener@52d239ba, org.springframework.test.context.jdbc.SqlScriptsTestExecutionListener@315f43d5, org.springframework.boot.test.mock.mockito.ResetMocksTestExecutionListener@68fa0ba8, org.springframework.boot.test.autoconfigure.restdocs.RestDocsTestExecutionListener@6c5945a7, org.springframework.boot.test.autoconfigure.web.client.MockRestServiceServerResetTestExecutionListener@2f05be7f, org.springframework.boot.test.autoconfigure.web.servlet.MockMvcPrintOnlyOnFailureTestExecutionListener@640f11a1, org.springframework.boot.test.autoconfigure.web.servlet.WebDriverTestExecutionListener@5c10f1c3]

  .   ____          _            __ _ _
 /\\ / ___'_ __ _ _(_)_ __  __ _ \ \ \ \
( ( )\___ | '_ | '_| | '_ \/ _` | \ \ \ \
 \\/  ___)| |_)| | | | | || (_| |  ) ) ) )
  '  |____| .__|_| |_|_| |_\__, | / / / /
 =========|_|==============|___/=/_/_/_/
 :: Spring Boot ::        (v2.1.2.RELEASE)

2020-03-26 02:46:03.889  INFO 22000 --- [           main] c.e.d.i.r.InventoryRestControllerTests   : Starting InventoryRestControllerTests on ahmed-ut-pc with PID 22000 (started by ahmed in /home/ahmed/Desktop/Tartu/Semester2/EnterpriseSystemsIntegration/HWs/HW2/esihw2)
2020-03-26 02:46:03.891  INFO 22000 --- [           main] c.e.d.i.r.InventoryRestControllerTests   : No active profile set, falling back to default profiles: default
2020-03-26 02:46:03.948 DEBUG 22000 --- [           main] o.s.w.c.s.GenericWebApplicationContext   : Refreshing org.springframework.web.context.support.GenericWebApplicationContext@7bb3a9fe
2020-03-26 02:46:05.088  INFO 22000 --- [           main] .s.d.r.c.RepositoryConfigurationDelegate : Bootstrapping Spring Data repositories in DEFAULT mode.
2020-03-26 02:46:05.244  INFO 22000 --- [           main] .s.d.r.c.RepositoryConfigurationDelegate : Finished Spring Data repository scanning in 137ms. Found 7 repository interfaces.
2020-03-26 02:46:05.759  INFO 22000 --- [           main] trationDelegate$BeanPostProcessorChecker : Bean 'org.springframework.transaction.annotation.ProxyTransactionManagementConfiguration' of type [org.springframework.transaction.annotation.ProxyTransactionManagementConfiguration$$EnhancerBySpringCGLIB$$1923f652] is not eligible for getting processed by all BeanPostProcessors (for example: not eligible for auto-proxying)
2020-03-26 02:46:06.006  INFO 22000 --- [           main] com.zaxxer.hikari.HikariDataSource       : HikariPool-1 - Starting...
2020-03-26 02:46:06.146  INFO 22000 --- [           main] com.zaxxer.hikari.HikariDataSource       : HikariPool-1 - Start completed.
2020-03-26 02:46:07.489  INFO 22000 --- [           main] j.LocalContainerEntityManagerFactoryBean : Initialized JPA EntityManagerFactory for persistence unit 'default'
2020-03-26 02:46:08.634 DEBUG 22000 --- [           main] o.s.w.s.handler.SimpleUrlHandlerMapping  : Patterns [/**/favicon.ico] in 'faviconHandlerMapping'
2020-03-26 02:46:08.843  INFO 22000 --- [           main] o.s.s.concurrent.ThreadPoolTaskExecutor  : Initializing ExecutorService 'applicationTaskExecutor'
2020-03-26 02:46:08.892 DEBUG 22000 --- [           main] s.w.s.m.m.a.RequestMappingHandlerAdapter : ControllerAdvice beans: 0 @ModelAttribute, 0 @InitBinder, 1 RequestBodyAdvice, 1 ResponseBodyAdvice
2020-03-26 02:46:08.949  WARN 22000 --- [           main] aWebConfiguration$JpaWebMvcConfiguration : spring.jpa.open-in-view is enabled by default. Therefore, database queries may be performed during view rendering. Explicitly configure spring.jpa.open-in-view to disable this warning
2020-03-26 02:46:09.016 DEBUG 22000 --- [           main] s.w.s.m.m.a.RequestMappingHandlerMapping : 18 mappings in 'requestMappingHandlerMapping'
2020-03-26 02:46:09.043 DEBUG 22000 --- [           main] o.s.w.s.handler.SimpleUrlHandlerMapping  : Patterns [/webjars/**, /**] in 'resourceHandlerMapping'
2020-03-26 02:46:09.073 DEBUG 22000 --- [           main] .m.m.a.ExceptionHandlerExceptionResolver : ControllerAdvice beans: 0 @ExceptionHandler, 1 ResponseBodyAdvice
2020-03-26 02:46:09.856  INFO 22000 --- [           main] c.e.d.i.r.InventoryRestControllerTests   : Started InventoryRestControllerTests in 6.242 seconds (JVM running for 7.491)
2020-03-26 02:46:09.990  INFO 22000 --- [           main] o.s.b.t.m.w.SpringBootMockServletContext : Initializing Spring TestDispatcherServlet ''
2020-03-26 02:46:09.990  INFO 22000 --- [           main] o.s.t.web.servlet.TestDispatcherServlet  : Initializing Servlet ''
2020-03-26 02:46:10.009  INFO 22000 --- [           main] o.s.t.web.servlet.TestDispatcherServlet  : Completed initialization in 19 ms
{
  "id" : 1,
  "serialNumber" : "A01",
  "equipmentCondition" : "UNSERVICEABLEREPAIRABLE",
  "plantInfo" : {
    "id" : 1,
    "name" : "Mini excavator",
    "description" : "1.5 Tonne Mini excavator",
    "price" : 150.00
  }
}
2020-03-26 02:46:10.181 DEBUG 22000 --- [           main] s.w.s.m.m.a.RequestMappingHandlerMapping : Mapped to public com.example.demo.inventory.application.dto.PlantInventoryItemDTO com.example.demo.inventory.rest.InventoryRestController.updatePlantItemStatus_v2(java.lang.Long,com.example.demo.inventory.application.dto.PlantInventoryItemDTO) throws java.lang.Exception
2020-03-26 02:46:10.209 DEBUG 22000 --- [           main] .w.s.m.m.a.ServletInvocableHandlerMethod : Could not resolve parameter [0] in public com.example.demo.inventory.application.dto.PlantInventoryItemDTO com.example.demo.inventory.rest.InventoryRestController.updatePlantItemStatus_v2(java.lang.Long,com.example.demo.inventory.application.dto.PlantInventoryItemDTO) throws java.lang.Exception: Failed to convert value of type 'java.lang.String' to required type 'java.lang.Long'; nested exception is java.lang.NumberFormatException: For input string: "1}"
2020-03-26 02:46:10.213  WARN 22000 --- [           main] .w.s.m.s.DefaultHandlerExceptionResolver : Resolved [org.springframework.web.method.annotation.MethodArgumentTypeMismatchException: Failed to convert value of type 'java.lang.String' to required type 'java.lang.Long'; nested exception is java.lang.NumberFormatException: For input string: "1}"]
========================================

{
  "id" : 1,
  "serialNumber" : "A01",
  "equipmentCondition" : "UNSERVICEABLEREPAIRABLE",
  "plantInfo" : {
    "id" : 1,
    "name" : "Mini excavator",
    "description" : "1.5 Tonne Mini excavator",
    "price" : 150.00
  }
}
========================================
]]></system-out>
  </testcase>
</testsuite>