<?xml version="1.0" encoding="UTF-8"?>
<testsuite xmlns:xsi="http://www.w3.org/2001/XMLSchema-instance" xsi:noNamespaceSchemaLocation="https://maven.apache.org/surefire/maven-surefire-plugin/xsd/surefire-test-report.xsd" name="com.example.demo.sales.rest.SalesRestControllerTests" time="1.744" tests="1" errors="1" skipped="0" failures="0">
  <properties>
[...]
</properties>
  <testcase name="testPurchaseOrderAcceptance" classname="com.example.demo.sales.rest.SalesRestControllerTests" time="0.046">
    <error message="Failed to execute SQL script statement #1 of class path resource [plants-dataset.sql]: insert into plant_inventory_entry (id, name, description, price) values (1, &apos;Mini excavator&apos;, &apos;1.5 Tonne Mini excavator&apos;, 150); nested exception is org.h2.jdbc.JdbcSQLException: Unique index or primary key violation: &quot;PRIMARY KEY ON PUBLIC.PLANT_INVENTORY_ENTRY(ID)&quot;; SQL statement:&#10;insert into plant_inventory_entry (id, name, description, price) values (1, &apos;Mini excavator&apos;, &apos;1.5 Tonne Mini excavator&apos;, 150) [23505-197]" type="org.springframework.jdbc.datasource.init.ScriptStatementFailedException">org.springframework.jdbc.datasource.init.ScriptStatementFailedException: 
Failed to execute SQL script statement #1 of class path resource [plants-dataset.sql]: insert into plant_inventory_entry (id, name, description, price) values (1, 'Mini excavator', '1.5 Tonne Mini excavator', 150); nested exception is org.h2.jdbc.JdbcSQLException: Unique index or primary key violation: "PRIMARY KEY ON PUBLIC.PLANT_INVENTORY_ENTRY(ID)"; SQL statement:
insert into plant_inventory_entry (id, name, description, price) values (1, 'Mini excavator', '1.5 Tonne Mini excavator', 150) [23505-197]
Caused by: org.h2.jdbc.JdbcSQLException: 
Unique index or primary key violation: "PRIMARY KEY ON PUBLIC.PLANT_INVENTORY_ENTRY(ID)"; SQL statement:
insert into plant_inventory_entry (id, name, description, price) values (1, 'Mini excavator', '1.5 Tonne Mini excavator', 150) [23505-197]
</error>
    <system-out><![CDATA[2020-03-26 02:46:10.317  INFO 22000 --- [           main] .b.t.c.SpringBootTestContextBootstrapper : Neither @ContextConfiguration nor @ContextHierarchy found for test class [com.example.demo.sales.rest.SalesRestControllerTests], using SpringBootContextLoader
2020-03-26 02:46:10.319  INFO 22000 --- [           main] o.s.t.c.support.AbstractContextLoader    : Could not detect default resource locations for test class [com.example.demo.sales.rest.SalesRestControllerTests]: no resource found for suffixes {-context.xml, Context.groovy}.
2020-03-26 02:46:10.324  INFO 22000 --- [           main] .b.t.c.SpringBootTestContextBootstrapper : Loaded default TestExecutionListener class names from location [META-INF/spring.factories]: [org.springframework.boot.test.mock.mockito.MockitoTestExecutionListener, org.springframework.boot.test.mock.mockito.ResetMocksTestExecutionListener, org.springframework.boot.test.autoconfigure.restdocs.RestDocsTestExecutionListener, org.springframework.boot.test.autoconfigure.web.client.MockRestServiceServerResetTestExecutionListener, org.springframework.boot.test.autoconfigure.web.servlet.MockMvcPrintOnlyOnFailureTestExecutionListener, org.springframework.boot.test.autoconfigure.web.servlet.WebDriverTestExecutionListener, org.springframework.test.context.web.ServletTestExecutionListener, org.springframework.test.context.support.DirtiesContextBeforeModesTestExecutionListener, org.springframework.test.context.support.DependencyInjectionTestExecutionListener, org.springframework.test.context.support.DirtiesContextTestExecutionListener, org.springframework.test.context.transaction.TransactionalTestExecutionListener, org.springframework.test.context.jdbc.SqlScriptsTestExecutionListener]
2020-03-26 02:46:10.325  INFO 22000 --- [           main] .b.t.c.SpringBootTestContextBootstrapper : Using TestExecutionListeners: [org.springframework.test.context.web.ServletTestExecutionListener@2f70d78c, org.springframework.test.context.support.DirtiesContextBeforeModesTestExecutionListener@456c53a, org.springframework.boot.test.mock.mockito.MockitoTestExecutionListener@7916568d, org.springframework.boot.test.autoconfigure.SpringBootDependencyInjectionTestExecutionListener@58fadccb, org.springframework.test.context.support.DirtiesContextTestExecutionListener@711fbcef, org.springframework.test.context.transaction.TransactionalTestExecutionListener@43d2c8e3, org.springframework.test.context.jdbc.SqlScriptsTestExecutionListener@8bb5c2a, org.springframework.boot.test.mock.mockito.ResetMocksTestExecutionListener@6a9d572, org.springframework.boot.test.autoconfigure.restdocs.RestDocsTestExecutionListener@a5df98c, org.springframework.boot.test.autoconfigure.web.client.MockRestServiceServerResetTestExecutionListener@5f1dadf4, org.springframework.boot.test.autoconfigure.web.servlet.MockMvcPrintOnlyOnFailureTestExecutionListener@d15f031, org.springframework.boot.test.autoconfigure.web.servlet.WebDriverTestExecutionListener@45dfb6a4]

  .   ____          _            __ _ _
 /\\ / ___'_ __ _ _(_)_ __  __ _ \ \ \ \
( ( )\___ | '_ | '_| | '_ \/ _` | \ \ \ \
 \\/  ___)| |_)| | | | | || (_| |  ) ) ) )
  '  |____| .__|_| |_|_| |_\__, | / / / /
 =========|_|==============|___/=/_/_/_/
 :: Spring Boot ::        (v2.1.2.RELEASE)

2020-03-26 02:46:10.433  INFO 22000 --- [           main] c.e.d.s.rest.SalesRestControllerTests    : Starting SalesRestControllerTests on ahmed-ut-pc with PID 22000 (started by ahmed in /home/ahmed/Desktop/Tartu/Semester2/EnterpriseSystemsIntegration/HWs/HW2/esihw2)
2020-03-26 02:46:10.434  INFO 22000 --- [           main] c.e.d.s.rest.SalesRestControllerTests    : No active profile set, falling back to default profiles: default
2020-03-26 02:46:10.437 DEBUG 22000 --- [           main] o.s.w.c.s.GenericWebApplicationContext   : Refreshing org.springframework.web.context.support.GenericWebApplicationContext@d8cece4
2020-03-26 02:46:10.719  INFO 22000 --- [           main] .s.d.r.c.RepositoryConfigurationDelegate : Bootstrapping Spring Data repositories in DEFAULT mode.
2020-03-26 02:46:10.763  INFO 22000 --- [           main] .s.d.r.c.RepositoryConfigurationDelegate : Finished Spring Data repository scanning in 43ms. Found 7 repository interfaces.
2020-03-26 02:46:10.871  INFO 22000 --- [           main] trationDelegate$BeanPostProcessorChecker : Bean 'org.springframework.transaction.annotation.ProxyTransactionManagementConfiguration' of type [org.springframework.transaction.annotation.ProxyTransactionManagementConfiguration$$EnhancerBySpringCGLIB$$1923f652] is not eligible for getting processed by all BeanPostProcessors (for example: not eligible for auto-proxying)
2020-03-26 02:46:10.994  INFO 22000 --- [           main] com.zaxxer.hikari.HikariDataSource       : HikariPool-2 - Starting...
2020-03-26 02:46:10.997  INFO 22000 --- [           main] com.zaxxer.hikari.HikariDataSource       : HikariPool-2 - Start completed.
2020-03-26 02:46:11.184  INFO 22000 --- [           main] j.LocalContainerEntityManagerFactoryBean : Initialized JPA EntityManagerFactory for persistence unit 'default'
2020-03-26 02:46:11.587 DEBUG 22000 --- [           main] o.s.w.s.handler.SimpleUrlHandlerMapping  : Patterns [/**/favicon.ico] in 'faviconHandlerMapping'
2020-03-26 02:46:11.687  INFO 22000 --- [           main] o.s.s.concurrent.ThreadPoolTaskExecutor  : Initializing ExecutorService 'applicationTaskExecutor'
2020-03-26 02:46:11.699 DEBUG 22000 --- [           main] s.w.s.m.m.a.RequestMappingHandlerAdapter : ControllerAdvice beans: 0 @ModelAttribute, 0 @InitBinder, 1 RequestBodyAdvice, 1 ResponseBodyAdvice
2020-03-26 02:46:11.701  WARN 22000 --- [           main] aWebConfiguration$JpaWebMvcConfiguration : spring.jpa.open-in-view is enabled by default. Therefore, database queries may be performed during view rendering. Explicitly configure spring.jpa.open-in-view to disable this warning
2020-03-26 02:46:11.733 DEBUG 22000 --- [           main] s.w.s.m.m.a.RequestMappingHandlerMapping : 18 mappings in 'requestMappingHandlerMapping'
2020-03-26 02:46:11.756 DEBUG 22000 --- [           main] o.s.w.s.handler.SimpleUrlHandlerMapping  : Patterns [/webjars/**, /**] in 'resourceHandlerMapping'
2020-03-26 02:46:11.770 DEBUG 22000 --- [           main] .m.m.a.ExceptionHandlerExceptionResolver : ControllerAdvice beans: 0 @ExceptionHandler, 1 ResponseBodyAdvice
2020-03-26 02:46:12.082  INFO 22000 --- [           main] c.e.d.s.rest.SalesRestControllerTests    : Started SalesRestControllerTests in 1.747 seconds (JVM running for 9.717)
2020-03-26 02:46:12.107  WARN 22000 --- [           main] o.s.test.context.TestContextManager      : Caught exception while invoking 'beforeTestMethod' callback on TestExecutionListener [org.springframework.test.context.jdbc.SqlScriptsTestExecutionListener@8bb5c2a] for test method [public void com.example.demo.sales.rest.SalesRestControllerTests.testPurchaseOrderAcceptance() throws java.lang.Exception] and test instance [com.example.demo.sales.rest.SalesRestControllerTests@77f66138]

org.springframework.jdbc.datasource.init.ScriptStatementFailedException: Failed to execute SQL script statement #1 of class path resource [plants-dataset.sql]: insert into plant_inventory_entry (id, name, description, price) values (1, 'Mini excavator', '1.5 Tonne Mini excavator', 150); nested exception is org.h2.jdbc.JdbcSQLException: Unique index or primary key violation: "PRIMARY KEY ON PUBLIC.PLANT_INVENTORY_ENTRY(ID)"; SQL statement:
insert into plant_inventory_entry (id, name, description, price) values (1, 'Mini excavator', '1.5 Tonne Mini excavator', 150) [23505-197]
	at org.springframework.jdbc.datasource.init.ScriptUtils.executeSqlScript(ScriptUtils.java:507)
	at org.springframework.jdbc.datasource.init.ResourceDatabasePopulator.populate(ResourceDatabasePopulator.java:240)
	at org.springframework.jdbc.datasource.init.DatabasePopulatorUtils.execute(DatabasePopulatorUtils.java:48)
	at org.springframework.jdbc.datasource.init.ResourceDatabasePopulator.execute(ResourceDatabasePopulator.java:255)
	at org.springframework.test.context.jdbc.SqlScriptsTestExecutionListener.lambda$executeSqlScripts$3(SqlScriptsTestExecutionListener.java:229)
	at org.springframework.transaction.support.TransactionTemplate.execute(TransactionTemplate.java:140)
	at org.springframework.test.context.jdbc.SqlScriptsTestExecutionListener.executeSqlScripts(SqlScriptsTestExecutionListener.java:228)
	at org.springframework.test.context.jdbc.SqlScriptsTestExecutionListener.executeSqlScripts(SqlScriptsTestExecutionListener.java:142)
	at org.springframework.test.context.jdbc.SqlScriptsTestExecutionListener.beforeTestMethod(SqlScriptsTestExecutionListener.java:112)
	at org.springframework.test.context.TestContextManager.beforeTestMethod(TestContextManager.java:291)
	at org.springframework.test.context.junit4.statements.RunBeforeTestMethodCallbacks.evaluate(RunBeforeTestMethodCallbacks.java:74)
	at org.springframework.test.context.junit4.statements.RunAfterTestMethodCallbacks.evaluate(RunAfterTestMethodCallbacks.java:86)
	at org.springframework.test.context.junit4.statements.SpringRepeat.evaluate(SpringRepeat.java:84)
	at org.junit.runners.ParentRunner.runLeaf(ParentRunner.java:325)
	at org.springframework.test.context.junit4.SpringJUnit4ClassRunner.runChild(SpringJUnit4ClassRunner.java:251)
	at org.springframework.test.context.junit4.SpringJUnit4ClassRunner.runChild(SpringJUnit4ClassRunner.java:97)
	at org.junit.runners.ParentRunner$3.run(ParentRunner.java:290)
	at org.junit.runners.ParentRunner$1.schedule(ParentRunner.java:71)
	at org.junit.runners.ParentRunner.runChildren(ParentRunner.java:288)
	at org.junit.runners.ParentRunner.access$000(ParentRunner.java:58)
	at org.junit.runners.ParentRunner$2.evaluate(ParentRunner.java:268)
	at org.springframework.test.context.junit4.statements.RunBeforeTestClassCallbacks.evaluate(RunBeforeTestClassCallbacks.java:61)
	at org.springframework.test.context.junit4.statements.RunAfterTestClassCallbacks.evaluate(RunAfterTestClassCallbacks.java:70)
	at org.junit.runners.ParentRunner.run(ParentRunner.java:363)
	at org.springframework.test.context.junit4.SpringJUnit4ClassRunner.run(SpringJUnit4ClassRunner.java:190)
	at org.apache.maven.surefire.junit4.JUnit4Provider.execute(JUnit4Provider.java:365)
	at org.apache.maven.surefire.junit4.JUnit4Provider.executeWithRerun(JUnit4Provider.java:273)
	at org.apache.maven.surefire.junit4.JUnit4Provider.executeTestSet(JUnit4Provider.java:238)
	at org.apache.maven.surefire.junit4.JUnit4Provider.invoke(JUnit4Provider.java:159)
	at org.apache.maven.surefire.booter.ForkedBooter.invokeProviderInSameClassLoader(ForkedBooter.java:384)
	at org.apache.maven.surefire.booter.ForkedBooter.runSuitesInProcess(ForkedBooter.java:345)
	at org.apache.maven.surefire.booter.ForkedBooter.execute(ForkedBooter.java:126)
	at org.apache.maven.surefire.booter.ForkedBooter.main(ForkedBooter.java:418)
Caused by: org.h2.jdbc.JdbcSQLException: Unique index or primary key violation: "PRIMARY KEY ON PUBLIC.PLANT_INVENTORY_ENTRY(ID)"; SQL statement:
insert into plant_inventory_entry (id, name, description, price) values (1, 'Mini excavator', '1.5 Tonne Mini excavator', 150) [23505-197]
	at org.h2.message.DbException.getJdbcSQLException(DbException.java:357)
	at org.h2.message.DbException.get(DbException.java:179)
	at org.h2.message.DbException.get(DbException.java:155)
	at org.h2.mvstore.db.MVPrimaryIndex.add(MVPrimaryIndex.java:123)
	at org.h2.mvstore.db.MVTable.addRow(MVTable.java:732)
	at org.h2.command.dml.Insert.insertRows(Insert.java:182)
	at org.h2.command.dml.Insert.update(Insert.java:134)
	at org.h2.command.CommandContainer.update(CommandContainer.java:102)
	at org.h2.command.Command.executeUpdate(Command.java:261)
	at org.h2.jdbc.JdbcStatement.executeInternal(JdbcStatement.java:233)
	at org.h2.jdbc.JdbcStatement.execute(JdbcStatement.java:205)
	at com.zaxxer.hikari.pool.ProxyStatement.execute(ProxyStatement.java:95)
	at com.zaxxer.hikari.pool.HikariProxyStatement.execute(HikariProxyStatement.java)
	at org.springframework.jdbc.datasource.init.ScriptUtils.executeSqlScript(ScriptUtils.java:486)
	... 32 common frames omitted

]]></system-out>
  </testcase>
</testsuite>